<?xml version="1.0" encoding="UTF-8"?>
<testng-results ignored="0" total="2" passed="1" failed="1" skipped="0">
  <reporter-output>
  </reporter-output>
  <suite started-at="2018-11-12T17:41:16Z" name="Default suite" finished-at="2018-11-12T17:41:21Z" duration-ms="5661">
    <groups>
    </groups>
    <test started-at="2018-11-12T17:41:16Z" name="Default test" finished-at="2018-11-12T17:41:21Z" duration-ms="5661">
      <class name="tests.Test_multiple_EndtoEnd">
        <test-method is-config="true" signature="connectToEmail()[pri:0, instance:tests.Test_multiple_EndtoEnd@544fa968]" started-at="2018-11-12T18:41:16Z" name="connectToEmail" finished-at="2018-11-12T18:41:18Z" duration-ms="2754" status="PASS">
          <reporter-output>
          </reporter-output>
        </test-method> <!-- connectToEmail -->
        <test-method signature="verifyReceivedEmail()[pri:0, instance:tests.Test_multiple_EndtoEnd@544fa968]" started-at="2018-11-12T18:41:18Z" name="verifyReceivedEmail" finished-at="2018-11-12T18:41:19Z" duration-ms="562" status="FAIL">
          <exception class="java.lang.AssertionError">
            <message>
              <![CDATA[expected [test4d4smtp@gmail.com] but found [null]]]>
            </message>
            <full-stacktrace>
              <![CDATA[java.lang.AssertionError: expected [test4d4smtp@gmail.com] but found [null]at org.testng.Assert.fail(Assert.java:96)at org.testng.Assert.failNotEquals(Assert.java:776)at org.testng.Assert.assertEqualsImpl(Assert.java:132)at org.testng.Assert.assertEquals(Assert.java:118)at org.testng.Assert.assertEquals(Assert.java:453)at org.testng.Assert.assertEquals(Assert.java:463)at tests.Test_multiple_EndtoEnd.verifyReceivedEmail(Test_multiple_EndtoEnd.java:47)at java.base/jdk.internal.reflect.NativeMethodAccessorImpl.invoke0(Native Method)at java.base/jdk.internal.reflect.NativeMethodAccessorImpl.invoke(NativeMethodAccessorImpl.java:62)at java.base/jdk.internal.reflect.DelegatingMethodAccessorImpl.invoke(DelegatingMethodAccessorImpl.java:43)at java.base/java.lang.reflect.Method.invoke(Method.java:566)at org.testng.internal.MethodInvocationHelper.invokeMethod(MethodInvocationHelper.java:124)at org.testng.internal.Invoker.invokeMethod(Invoker.java:571)at org.testng.internal.Invoker.invokeTestMethod(Invoker.java:707)at org.testng.internal.Invoker.invokeTestMethods(Invoker.java:979)at org.testng.internal.TestMethodWorker.invokeTestMethods(TestMethodWorker.java:125)at org.testng.internal.TestMethodWorker.run(TestMethodWorker.java:109)at org.testng.TestRunner.privateRun(TestRunner.java:648)at org.testng.TestRunner.run(TestRunner.java:505)at org.testng.SuiteRunner.runTest(SuiteRunner.java:455)at org.testng.SuiteRunner.runSequentially(SuiteRunner.java:450)at org.testng.SuiteRunner.privateRun(SuiteRunner.java:415)at org.testng.SuiteRunner.run(SuiteRunner.java:364)at org.testng.SuiteRunnerWorker.runSuite(SuiteRunnerWorker.java:52)at org.testng.SuiteRunnerWorker.run(SuiteRunnerWorker.java:84)at org.testng.TestNG.runSuitesSequentially(TestNG.java:1187)at org.testng.TestNG.runSuitesLocally(TestNG.java:1116)at org.testng.TestNG.runSuites(TestNG.java:1028)at org.testng.TestNG.run(TestNG.java:996)at org.testng.remote.AbstractRemoteTestNG.run(AbstractRemoteTestNG.java:114)at org.testng.remote.RemoteTestNG.initAndRun(RemoteTestNG.java:251)at org.testng.remote.RemoteTestNG.main(RemoteTestNG.java:77)]]>
            </full-stacktrace>
          </exception> <!-- java.lang.AssertionError -->
          <reporter-output>
          </reporter-output>
        </test-method> <!-- verifyReceivedEmail -->
        <test-method is-config="true" signature="connectToEmail()[pri:0, instance:tests.Test_multiple_EndtoEnd@544fa968]" started-at="2018-11-12T18:41:19Z" name="connectToEmail" finished-at="2018-11-12T18:41:21Z" duration-ms="1966" status="PASS">
          <reporter-output>
          </reporter-output>
        </test-method> <!-- connectToEmail -->
        <test-method signature="verifySentEmail()[pri:0, instance:tests.Test_multiple_EndtoEnd@544fa968]" started-at="2018-11-12T18:41:21Z" name="verifySentEmail" finished-at="2018-11-12T18:41:21Z" duration-ms="302" status="PASS">
          <reporter-output>
          </reporter-output>
        </test-method> <!-- verifySentEmail -->
      </class> <!-- tests.Test_multiple_EndtoEnd -->
    </test> <!-- Default test -->
  </suite> <!-- Default suite -->
</testng-results>
